<!DOCTYPE html>  
<html>
  <head>
    <title>Computer Database - Error 404</title>
    <meta name="viewport" content="width=device-width, initial-scale=1.0">
    <!-- Bootstrap -->
    <link href="css/bootstrap.min.css" rel="stylesheet" media="screen">
    <link href="css/main.css" rel="stylesheet" media="screen">
  </head>
  <body>
  	<header class="topbar">
		<h1 class="fill">
			<a href="<c:url value='/dashboard.html'/>"> Application - Error </a>
		</h1>
	</header>
  	<section id="main">
  	<h1>Error 403: Access denied bitch</h1>
  	<a href="dashboard.html"> Back to Dashboard </a>
  	</section>
  </body>
</html>